<?xml version="1.0" encoding="UTF-8"?>
<testng-results ignored="0" total="6" passed="6" failed="0" skipped="0">
  <reporter-output>
  </reporter-output>
  <suite started-at="2023-09-04T23:56:14 ART" name="Default suite" finished-at="2023-09-04T23:56:19 ART" duration-ms="5140">
    <groups>
    </groups>
    <test started-at="2023-09-04T23:56:14 ART" name="Default test" finished-at="2023-09-04T23:56:19 ART" duration-ms="5140">
      <class name="tests.testExecution">
        <test-method is-config="true" signature="setUp()[pri:0, instance:tests.testExecution@15043a2f]" started-at="2023-09-04T23:56:07 ART" name="setUp" finished-at="2023-09-04T23:56:14 ART" duration-ms="7146" status="PASS">
          <reporter-output>
          </reporter-output>
        </test-method> <!-- setUp -->
        <test-method signature="escribirPalabra()[pri:0, instance:tests.testExecution@15043a2f]" started-at="2023-09-04T23:56:14 ART" name="escribirPalabra" finished-at="2023-09-04T23:56:14 ART" duration-ms="251" status="PASS">
          <reporter-output>
          </reporter-output>
        </test-method> <!-- escribirPalabra -->
        <test-method signature="hacerBusqueda()[pri:0, instance:tests.testExecution@15043a2f]" started-at="2023-09-04T23:56:14 ART" name="hacerBusqueda" finished-at="2023-09-04T23:56:15 ART" depends-on-methods="tests.testExecution.escribirPalabra" duration-ms="886" status="PASS">
          <reporter-output>
          </reporter-output>
        </test-method> <!-- hacerBusqueda -->
        <test-method signature="seleccionarItem()[pri:0, instance:tests.testExecution@15043a2f]" started-at="2023-09-04T23:56:15 ART" name="seleccionarItem" finished-at="2023-09-04T23:56:18 ART" depends-on-methods="tests.testExecution.hacerBusqueda" duration-ms="2842" status="PASS">
          <reporter-output>
          </reporter-output>
        </test-method> <!-- seleccionarItem -->
        <test-method signature="validarProductoEnCarrito()[pri:0, instance:tests.testExecution@15043a2f]" started-at="2023-09-04T23:56:18 ART" name="validarProductoEnCarrito" finished-at="2023-09-04T23:56:18 ART" depends-on-methods="tests.testExecution.seleccionarItem" duration-ms="154" status="PASS">
          <reporter-output>
          </reporter-output>
        </test-method> <!-- validarProductoEnCarrito -->
        <test-method signature="removerProductoDelCarrito()[pri:0, instance:tests.testExecution@15043a2f]" started-at="2023-09-04T23:56:18 ART" name="removerProductoDelCarrito" finished-at="2023-09-04T23:56:19 ART" depends-on-methods="tests.testExecution.validarProductoEnCarrito" duration-ms="329" status="PASS">
          <reporter-output>
          </reporter-output>
        </test-method> <!-- removerProductoDelCarrito -->
        <test-method signature="validarProductoNoEnCarrito()[pri:0, instance:tests.testExecution@15043a2f]" started-at="2023-09-04T23:56:19 ART" name="validarProductoNoEnCarrito" finished-at="2023-09-04T23:56:19 ART" depends-on-methods="tests.testExecution.removerProductoDelCarrito" duration-ms="614" status="PASS">
          <reporter-output>
          </reporter-output>
        </test-method> <!-- validarProductoNoEnCarrito -->
        <test-method is-config="true" signature="tearDown()[pri:0, instance:tests.testExecution@15043a2f]" started-at="2023-09-04T23:56:19 ART" name="tearDown" finished-at="2023-09-04T23:56:20 ART" duration-ms="964" status="PASS">
          <reporter-output>
          </reporter-output>
        </test-method> <!-- tearDown -->
      </class> <!-- tests.testExecution -->
    </test> <!-- Default test -->
  </suite> <!-- Default suite -->
</testng-results>
